# JRE version: OpenJDK Runtime Environment (13.0+33) (build 13+33)
# Java VM: OpenJDK 64-Bit Server VM (13+33, mixed mode, sharing, tiered, compressed oops, g1 gc, windows-amd64)
Heap:
 garbage-first heap   total 65536K, used 10606K [0x00000000c1400000, 0x0000000100000000)
  region size 1024K, 2 young (2048K), 2 survivors (2048K)
 Metaspace       used 16866K, capacity 17563K, committed 17664K, reserved 1073152K
  class space    used 2437K, capacity 2737K, committed 2816K, reserved 1048576K
GC Heap History (8 events):
Event: 7.730 GC heap before
{Heap before GC invocations=0 (full 0):
 garbage-first heap   total 65536K, used 13312K [0x00000000c1400000, 0x0000000100000000)
  region size 1024K, 14 young (14336K), 0 survivors (0K)
 Metaspace       used 3417K, capacity 6529K, committed 6656K, reserved 1056768K
  class space    used 383K, capacity 717K, committed 768K, reserved 1048576K
}
Event: 7.787 GC heap after
{Heap after GC invocations=1 (full 0):
 garbage-first heap   total 65536K, used 2217K [0x00000000c1400000, 0x0000000100000000)
  region size 1024K, 2 young (2048K), 2 survivors (2048K)
 Metaspace       used 3417K, capacity 6529K, committed 6656K, reserved 1056768K
  class space    used 383K, capacity 717K, committed 768K, reserved 1048576K
}
Event: 23.285 GC heap before
{Heap before GC invocations=1 (full 0):
 garbage-first heap   total 65536K, used 39081K [0x00000000c1400000, 0x0000000100000000)
  region size 1024K, 38 young (38912K), 2 survivors (2048K)
 Metaspace       used 14297K, capacity 15564K, committed 15744K, reserved 1062912K
  class space    used 2108K, capacity 2413K, committed 2432K, reserved 1048576K
}
Event: 23.328 GC heap after
{Heap after GC invocations=2 (full 0):
 garbage-first heap   total 65536K, used 6747K [0x00000000c1400000, 0x0000000100000000)
  region size 1024K, 5 young (5120K), 5 survivors (5120K)
 Metaspace       used 14297K, capacity 15564K, committed 15744K, reserved 1062912K
  class space    used 2108K, capacity 2413K, committed 2432K, reserved 1048576K
}
Event: 24.196 GC heap before
{Heap before GC invocations=2 (full 0):
 garbage-first heap   total 65536K, used 10843K [0x00000000c1400000, 0x0000000100000000)
  region size 1024K, 7 young (7168K), 5 survivors (5120K)
 Metaspace       used 14585K, capacity 15777K, committed 16000K, reserved 1062912K
  class space    used 2133K, capacity 2420K, committed 2432K, reserved 1048576K
}
Event: 24.238 GC heap after
{Heap after GC invocations=3 (full 0):
 garbage-first heap   total 65536K, used 9639K [0x00000000c1400000, 0x0000000100000000)
  region size 1024K, 1 young (1024K), 1 survivors (1024K)
 Metaspace       used 14585K, capacity 15777K, committed 16000K, reserved 1062912K
  class space    used 2133K, capacity 2420K, committed 2432K, reserved 1048576K
}
Event: 28.711 GC heap before
{Heap before GC invocations=3 (full 0):
 garbage-first heap   total 65536K, used 17831K [0x00000000c1400000, 0x0000000100000000)
  region size 1024K, 10 young (10240K), 1 survivors (1024K)
 Metaspace       used 16866K, capacity 17563K, committed 17664K, reserved 1071104K
  class space    used 2437K, capacity 2737K, committed 2816K, reserved 1048576K
}
Event: 28.737 GC heap after
{Heap after GC invocations=4 (full 0):
 garbage-first heap   total 65536K, used 10606K [0x00000000c1400000, 0x0000000100000000)
  region size 1024K, 2 young (2048K), 2 survivors (2048K)
 Metaspace       used 16866K, capacity 17563K, committed 17664K, reserved 1071104K
  class space    used 2437K, capacity 2737K, committed 2816K, reserved 1048576K
}

